<?xml version="1.0" encoding="utf-8"?><testsuites name="pytest tests"><testsuite name="pytest" errors="0" failures="1" skipped="0" tests="10" time="3.180" timestamp="2026-01-27T21:14:34.808821+00:00" hostname="agent-env-c2e01fe7-1b2e-4f27-8070-b2f0ac45e7d3"><testcase classname="backend.tests.test_barberhub_flow.TestHealthAndPlans" name="test_api_health" time="0.129" /><testcase classname="backend.tests.test_barberhub_flow.TestHealthAndPlans" name="test_get_plans" time="0.040" /><testcase classname="backend.tests.test_barberhub_flow.TestRegistrationFlow" name="test_register_barber_returns_needs_payment" time="0.272" /><testcase classname="backend.tests.test_barberhub_flow.TestRegistrationFlow" name="test_login_barber_without_barbershop_returns_needs_payment" time="0.531" /><testcase classname="backend.tests.test_barberhub_flow.TestBarbershopCreationFlow" name="test_create_barbershop" time="0.323" /><testcase classname="backend.tests.test_barberhub_flow.TestBarbershopCreationFlow" name="test_create_subscription_demo_mode" time="0.350"><failure message="AssertionError: assert None == True&#10; +  where None = &lt;built-in method get of dict object at 0xfd1c1480e2c0&gt;('demo_mode')&#10; +    where &lt;built-in method get of dict object at 0xfd1c1480e2c0&gt; = {'expires_at': '2026-02-26T21:14:36.516932+00:00', 'message': 'Assinatura renovada com sucesso!', 'plan': {'features': ['Criação automática da barbearia', 'Agendamentos online ilimitados', 'Agenda digital organizada', 'Cadastro de serviços', 'Cadastro de profissionais', 'Configuração de horários', ...], 'name': 'Plano Comum', 'plan_id': 'comum', 'price': 49.9}, 'success': True}.get">backend/tests/test_barberhub_flow.py:174: in test_create_subscription_demo_mode
    assert data.get("demo_mode") == True
E   AssertionError: assert None == True
E    +  where None = &lt;built-in method get of dict object at 0xfd1c1480e2c0&gt;('demo_mode')
E    +    where &lt;built-in method get of dict object at 0xfd1c1480e2c0&gt; = {'expires_at': '2026-02-26T21:14:36.516932+00:00', 'message': 'Assinatura renovada com sucesso!', 'plan': {'features': ['Criação automática da barbearia', 'Agendamentos online ilimitados', 'Agenda digital organizada', 'Cadastro de serviços', 'Cadastro de profissionais', 'Configuração de horários', ...], 'name': 'Plano Comum', 'plan_id': 'comum', 'price': 49.9}, 'success': True}.get</failure></testcase><testcase classname="backend.tests.test_barberhub_flow.TestBarbershopCreationFlow" name="test_activate_barbershop" time="0.354" /><testcase classname="backend.tests.test_barberhub_flow.TestFullPaymentFlow" name="test_complete_registration_to_activation_flow" time="0.483" /><testcase classname="backend.tests.test_barberhub_flow.TestLoginRedirectLogic" name="test_login_with_active_barbershop" time="0.605" /><testcase classname="backend.tests.test_barberhub_flow.TestCleanup" name="test_cleanup_info" time="0.000" /></testsuite></testsuites>