<?xml version="1.0" encoding="utf-8"?><testsuites name="pytest tests"><testsuite name="pytest" errors="0" failures="3" skipped="0" tests="17" time="2.704" timestamp="2026-01-29T00:22:22.480170+00:00" hostname="agent-env-9912feb6-1ea4-4919-a9ab-9102dfbfc316"><testcase classname="backend.tests.test_final_verification.TestHealthAndBasics" name="test_api_root" time="0.076" /><testcase classname="backend.tests.test_final_verification.TestHealthAndBasics" name="test_plans_endpoint" time="0.040" /><testcase classname="backend.tests.test_final_verification.TestAuthentication" name="test_login_with_demo_credentials" time="0.306" /><testcase classname="backend.tests.test_final_verification.TestAuthentication" name="test_login_invalid_credentials" time="0.041" /><testcase classname="backend.tests.test_final_verification.TestAuthentication" name="test_auth_me_endpoint" time="0.302" /><testcase classname="backend.tests.test_final_verification.TestSuperAdmin" name="test_super_admin_login" time="0.043" /><testcase classname="backend.tests.test_final_verification.TestSuperAdmin" name="test_super_admin_dashboard" time="0.125" /><testcase classname="backend.tests.test_final_verification.TestSuperAdmin" name="test_super_admin_barbershops_list" time="0.085"><failure message="AssertionError: assert False&#10; +  where False = isinstance({'barbershops': [{'address': 'Rua Demonstração, 123 - São Paulo, SP', 'background_color': '#09090B', 'barbershop_id': 'barb_c04b680652ff', 'created_at': '2026-01-29T00:19:09.852637+00:00', ...}], 'page': 1, 'pages': 1, 'total': 1}, list)">backend/tests/test_final_verification.py:157: in test_super_admin_barbershops_list
    assert isinstance(data, list)
E   AssertionError: assert False
E    +  where False = isinstance({'barbershops': [{'address': 'Rua Demonstração, 123 - São Paulo, SP', 'background_color': '#09090B', 'barbershop_id': 'barb_c04b680652ff', 'created_at': '2026-01-29T00:19:09.852637+00:00', ...}], 'page': 1, 'pages': 1, 'total': 1}, list)</failure></testcase><testcase classname="backend.tests.test_final_verification.TestPublicBooking" name="test_public_barbershop_page" time="0.041" /><testcase classname="backend.tests.test_final_verification.TestPublicBooking" name="test_available_slots" time="0.083"><failure message="assert 405 == 200&#10; +  where 405 = &lt;Response [405]&gt;.status_code">backend/tests/test_final_verification.py:201: in test_available_slots
    assert response.status_code == 200
E   assert 405 == 200
E    +  where 405 = &lt;Response [405]&gt;.status_code</failure></testcase><testcase classname="backend.tests.test_final_verification.TestPhoneNormalization" name="test_normalize_phone_valid" time="0.033" /><testcase classname="backend.tests.test_final_verification.TestPhoneNormalization" name="test_normalize_phone_with_formatting" time="0.038" /><testcase classname="backend.tests.test_final_verification.TestPhoneNormalization" name="test_normalize_phone_invalid_ddd" time="0.037" /><testcase classname="backend.tests.test_final_verification.TestAppointments" name="test_create_appointment" time="0.885" /><testcase classname="backend.tests.test_final_verification.TestAppointments" name="test_get_appointments_optimized" time="0.343" /><testcase classname="backend.tests.test_final_verification.TestVIPClients" name="test_vip_check_endpoint" time="0.084"><failure message="assert 405 == 200&#10; +  where 405 = &lt;Response [405]&gt;.status_code">backend/tests/test_final_verification.py:325: in test_vip_check_endpoint
    assert response.status_code == 200
E   assert 405 == 200
E    +  where 405 = &lt;Response [405]&gt;.status_code</failure></testcase><testcase classname="backend.tests.test_final_verification.TestInstitutionalPages" name="test_scheduler_status" time="0.035" /></testsuite></testsuites>