<?xml version="1.0" encoding="utf-8"?><testsuites name="pytest tests"><testsuite name="pytest" errors="3" failures="1" skipped="0" tests="17" time="2.378" timestamp="2026-01-28T21:51:04.434897+00:00" hostname="agent-env-9912feb6-1ea4-4919-a9ab-9102dfbfc316"><testcase classname="backend.tests.test_phone_normalization.TestPhoneNormalizationEndpoint" name="test_normalize_phone_with_parentheses_format" time="0.080" /><testcase classname="backend.tests.test_phone_normalization.TestPhoneNormalizationEndpoint" name="test_normalize_phone_digits_only" time="0.041" /><testcase classname="backend.tests.test_phone_normalization.TestPhoneNormalizationEndpoint" name="test_normalize_phone_with_country_code" time="0.042" /><testcase classname="backend.tests.test_phone_normalization.TestPhoneNormalizationEndpoint" name="test_normalize_phone_sao_paulo" time="0.040" /><testcase classname="backend.tests.test_phone_normalization.TestPhoneNormalizationEndpoint" name="test_normalize_phone_rio_de_janeiro" time="0.041" /><testcase classname="backend.tests.test_phone_normalization.TestPhoneNormalizationEndpoint" name="test_normalize_phone_8_digit_mobile" time="0.039" /><testcase classname="backend.tests.test_phone_normalization.TestPhoneNormalizationEndpoint" name="test_normalize_phone_incomplete_number" time="0.042" /><testcase classname="backend.tests.test_phone_normalization.TestPhoneNormalizationEndpoint" name="test_normalize_phone_invalid_ddd" time="0.036" /><testcase classname="backend.tests.test_phone_normalization.TestPhoneNormalizationEndpoint" name="test_normalize_phone_empty" time="0.036" /><testcase classname="backend.tests.test_phone_normalization.TestPhoneNormalizationEndpoint" name="test_normalize_phone_with_spaces" time="0.037" /><testcase classname="backend.tests.test_phone_normalization.TestPhoneNormalizationEndpoint" name="test_normalize_phone_with_dashes" time="0.036" /><testcase classname="backend.tests.test_phone_normalization.TestPhoneNormalizationEndpoint" name="test_normalize_phone_all_valid_ddds" time="0.405" /><testcase classname="backend.tests.test_phone_normalization.TestPhoneNormalizationInAppointment" name="test_appointment_normalizes_phone_on_creation" time="0.061"><failure message="KeyError: 'barbershop_id'">backend/tests/test_phone_normalization.py:147: in test_appointment_normalizes_phone_on_creation
    barbershop_id = barbershop_data["barbershop_id"]
                    ^^^^^^^^^^^^^^^^^^^^^^^^^^^^^^^^
E   KeyError: 'barbershop_id'</failure></testcase><testcase classname="backend.tests.test_phone_normalization.TestPhoneNormalizationInVIP" name="test_vip_client_normalizes_phone_on_creation" time="1.209" /><testcase classname="backend.tests.test_phone_normalization.TestVIPCheckWithDifferentPhoneFormats" name="test_vip_check_with_normalized_phone" time="0.041"><error message="failed on setup with &quot;KeyError: 'barbershop_id'&quot;">backend/tests/test_phone_normalization.py:236: in barbershop_id
    return response.json()["barbershop_id"]
           ^^^^^^^^^^^^^^^^^^^^^^^^^^^^^^^^
E   KeyError: 'barbershop_id'</error></testcase><testcase classname="backend.tests.test_phone_normalization.TestVIPCheckWithDifferentPhoneFormats" name="test_vip_check_with_raw_digits" time="0.048"><error message="failed on setup with &quot;KeyError: 'barbershop_id'&quot;">backend/tests/test_phone_normalization.py:236: in barbershop_id
    return response.json()["barbershop_id"]
           ^^^^^^^^^^^^^^^^^^^^^^^^^^^^^^^^
E   KeyError: 'barbershop_id'</error></testcase><testcase classname="backend.tests.test_phone_normalization.TestVIPCheckWithDifferentPhoneFormats" name="test_vip_check_with_parentheses_format" time="0.036"><error message="failed on setup with &quot;KeyError: 'barbershop_id'&quot;">backend/tests/test_phone_normalization.py:236: in barbershop_id
    return response.json()["barbershop_id"]
           ^^^^^^^^^^^^^^^^^^^^^^^^^^^^^^^^
E   KeyError: 'barbershop_id'</error></testcase></testsuite></testsuites>