<?xml version="1.0" encoding="utf-8"?><testsuites name="pytest tests"><testsuite name="pytest" errors="1" failures="0" skipped="0" tests="16" time="3.339" timestamp="2026-01-28T01:29:59.439441+00:00" hostname="agent-env-4b2371ee-8896-4826-ac4c-6fa99600678f"><testcase classname="backend.tests.test_barberhub_e2e.TestHealthAndPlans" name="test_api_health" time="0.115" /><testcase classname="backend.tests.test_barberhub_e2e.TestHealthAndPlans" name="test_plans_endpoint" time="0.041" /><testcase classname="backend.tests.test_barberhub_e2e.TestHealthAndPlans" name="test_scheduler_status" time="0.043" /><testcase classname="backend.tests.test_barberhub_e2e.TestDemoPremiumAccount" name="test_demo_login" time="0.286" /><testcase classname="backend.tests.test_barberhub_e2e.TestDemoPremiumAccount" name="test_demo_barbershop_is_premium" time="0.320" /><testcase classname="backend.tests.test_barberhub_e2e.TestDemoPremiumAccount" name="test_public_barbershop_endpoint" time="0.054" /><testcase classname="backend.tests.test_barberhub_e2e.TestPremiumFeatures" name="test_premium_can_access_vip_clients" time="0.307" /><testcase classname="backend.tests.test_barberhub_e2e.TestPremiumFeatures" name="test_comum_cannot_access_vip_clients" time="0.449" /><testcase classname="backend.tests.test_barberhub_e2e.TestPremiumFeatures" name="test_premium_can_access_weekly_reports" time="0.323" /><testcase classname="backend.tests.test_barberhub_e2e.TestPremiumFeatures" name="test_comum_cannot_access_weekly_reports" time="0.388" /><testcase classname="backend.tests.test_barberhub_e2e.TestPremiumFeatures" name="test_comum_cannot_create_vip_client" time="0.037"><error message="failed on setup with &quot;assert 400 == 200&#10; +  where 400 = &lt;Response [400]&gt;.status_code&quot;">backend/tests/test_barberhub_e2e.py:137: in comum_token
    assert response.status_code == 200
E   assert 400 == 200
E    +  where 400 = &lt;Response [400]&gt;.status_code</error></testcase><testcase classname="backend.tests.test_barberhub_e2e.TestVIPDiscount" name="test_vip_check_endpoint" time="0.083" /><testcase classname="backend.tests.test_barberhub_e2e.TestVIPDiscount" name="test_non_vip_check" time="0.081" /><testcase classname="backend.tests.test_barberhub_e2e.TestAppointments" name="test_availability_endpoint" time="0.086" /><testcase classname="backend.tests.test_barberhub_e2e.TestRegistrationFlow" name="test_registration_returns_needs_payment" time="0.262" /><testcase classname="backend.tests.test_barberhub_e2e.TestDailyReports" name="test_daily_report" time="0.349" /></testsuite></testsuites>