<?xml version="1.0" encoding="utf-8"?><testsuites name="pytest tests"><testsuite name="pytest" errors="0" failures="0" skipped="0" tests="10" time="5.216" timestamp="2026-01-28T01:08:11.995626+00:00" hostname="agent-env-4b2371ee-8896-4826-ac4c-6fa99600678f"><testcase classname="backend.tests.test_vip_and_integrations.TestAPIHealth" name="test_api_root" time="0.066" /><testcase classname="backend.tests.test_vip_and_integrations.TestPlansAPI" name="test_get_plans" time="0.042" /><testcase classname="backend.tests.test_vip_and_integrations.TestSchedulerStatus" name="test_scheduler_status" time="0.040" /><testcase classname="backend.tests.test_vip_and_integrations.TestVIPClientCheck" name="test_vip_check_non_vip" time="0.043" /><testcase classname="backend.tests.test_vip_and_integrations.TestVIPClientCheck" name="test_vip_check_endpoint_exists" time="0.119" /><testcase classname="backend.tests.test_vip_and_integrations.TestRegistrationFlow" name="test_register_returns_needs_payment" time="0.268" /><testcase classname="backend.tests.test_vip_and_integrations.TestVIPDiscountInAppointment" name="test_vip_check_for_created_vip" time="1.185" /><testcase classname="backend.tests.test_vip_and_integrations.TestVIPDiscountInAppointment" name="test_appointment_with_vip_discount" time="1.840" /><testcase classname="backend.tests.test_vip_and_integrations.TestVIPDiscountInAppointment" name="test_appointment_without_vip" time="1.129" /><testcase classname="backend.tests.test_vip_and_integrations.TestPublicBookingPage" name="test_public_barbershop_endpoint" time="0.425" /></testsuite></testsuites>