<?xml version="1.0" encoding="utf-8"?><testsuites name="pytest tests"><testsuite name="pytest" errors="0" failures="1" skipped="0" tests="12" time="3.755" timestamp="2026-02-01T05:34:41.129612+00:00" hostname="agent-env-65aab800-4bdf-4b72-9ffb-c495fb0e7e6f"><testcase classname="backend.tests.test_pix_payment_security.TestSecurityEndpointsNotExist" name="test_activateplan_endpoint_not_exists" time="0.074" /><testcase classname="backend.tests.test_pix_payment_security.TestSecurityEndpointsNotExist" name="test_activate_endpoint_not_exists" time="0.041" /><testcase classname="backend.tests.test_pix_payment_security.TestSecurityEndpointsNotExist" name="test_activate_with_plan_id_not_exists" time="0.036" /><testcase classname="backend.tests.test_pix_payment_security.TestPixStatusEndpointSecurity" name="test_pix_status_requires_auth" time="0.032" /><testcase classname="backend.tests.test_pix_payment_security.TestPixStatusEndpointSecurity" name="test_pix_status_with_invalid_payment_id" time="0.576" /><testcase classname="backend.tests.test_pix_payment_security.TestNewUserRegistrationFlow" name="test_register_new_barber" time="0.302" /><testcase classname="backend.tests.test_pix_payment_security.TestBarbershopCreationWithPendingStatus" name="test_create_barbershop_pending_status" time="0.333" /><testcase classname="backend.tests.test_pix_payment_security.TestProtectedRoutesBlockPendingSubscription" name="test_services_blocked_for_pending" time="0.365" /><testcase classname="backend.tests.test_pix_payment_security.TestProtectedRoutesBlockPendingSubscription" name="test_professionals_blocked_for_pending" time="0.337" /><testcase classname="backend.tests.test_pix_payment_security.TestSubscriptionCreateDoesNotActivate" name="test_subscription_create_returns_pix_data" time="1.216"><failure message="AssertionError: Subscription create failed: {&quot;detail&quot;:&quot;Erro ao gerar PIX&quot;}&#10;assert 520 == 200&#10; +  where 520 = &lt;Response [520]&gt;.status_code">backend/tests/test_pix_payment_security.py:252: in test_subscription_create_returns_pix_data
    assert sub_response.status_code == 200, f"Subscription create failed: {sub_response.text}"
E   AssertionError: Subscription create failed: {"detail":"Erro ao gerar PIX"}
E   assert 520 == 200
E    +  where 520 = &lt;Response [520]&gt;.status_code</failure></testcase><testcase classname="backend.tests.test_pix_payment_security.TestDemoAccountHasActiveSubscription" name="test_demo_account_is_active" time="0.331" /><testcase classname="backend.tests.test_pix_payment_security.TestWebhookEndpointExists" name="test_webhook_endpoint_exists" time="0.034" /></testsuite></testsuites>