<?xml version="1.0" encoding="utf-8"?><testsuites name="pytest tests"><testsuite name="pytest" errors="0" failures="0" skipped="0" tests="17" time="2.267" timestamp="2026-01-28T21:51:30.113360+00:00" hostname="agent-env-9912feb6-1ea4-4919-a9ab-9102dfbfc316"><testcase classname="backend.tests.test_phone_normalization.TestPhoneNormalizationEndpoint" name="test_normalize_phone_with_parentheses_format" time="0.063" /><testcase classname="backend.tests.test_phone_normalization.TestPhoneNormalizationEndpoint" name="test_normalize_phone_digits_only" time="0.040" /><testcase classname="backend.tests.test_phone_normalization.TestPhoneNormalizationEndpoint" name="test_normalize_phone_with_country_code" time="0.036" /><testcase classname="backend.tests.test_phone_normalization.TestPhoneNormalizationEndpoint" name="test_normalize_phone_sao_paulo" time="0.037" /><testcase classname="backend.tests.test_phone_normalization.TestPhoneNormalizationEndpoint" name="test_normalize_phone_rio_de_janeiro" time="0.036" /><testcase classname="backend.tests.test_phone_normalization.TestPhoneNormalizationEndpoint" name="test_normalize_phone_8_digit_mobile" time="0.041" /><testcase classname="backend.tests.test_phone_normalization.TestPhoneNormalizationEndpoint" name="test_normalize_phone_incomplete_number" time="0.038" /><testcase classname="backend.tests.test_phone_normalization.TestPhoneNormalizationEndpoint" name="test_normalize_phone_invalid_ddd" time="0.037" /><testcase classname="backend.tests.test_phone_normalization.TestPhoneNormalizationEndpoint" name="test_normalize_phone_empty" time="0.035" /><testcase classname="backend.tests.test_phone_normalization.TestPhoneNormalizationEndpoint" name="test_normalize_phone_with_spaces" time="0.078" /><testcase classname="backend.tests.test_phone_normalization.TestPhoneNormalizationEndpoint" name="test_normalize_phone_with_dashes" time="0.034" /><testcase classname="backend.tests.test_phone_normalization.TestPhoneNormalizationEndpoint" name="test_normalize_phone_all_valid_ddds" time="0.378" /><testcase classname="backend.tests.test_phone_normalization.TestPhoneNormalizationInAppointment" name="test_appointment_normalizes_phone_on_creation" time="0.802" /><testcase classname="backend.tests.test_phone_normalization.TestPhoneNormalizationInVIP" name="test_vip_client_normalizes_phone_on_creation" time="0.306" /><testcase classname="backend.tests.test_phone_normalization.TestVIPCheckWithDifferentPhoneFormats" name="test_vip_check_with_normalized_phone" time="0.079" /><testcase classname="backend.tests.test_phone_normalization.TestVIPCheckWithDifferentPhoneFormats" name="test_vip_check_with_raw_digits" time="0.079" /><testcase classname="backend.tests.test_phone_normalization.TestVIPCheckWithDifferentPhoneFormats" name="test_vip_check_with_parentheses_format" time="0.076" /></testsuite></testsuites>