<?xml version="1.0" encoding="utf-8"?><testsuites name="pytest tests"><testsuite name="pytest" errors="0" failures="2" skipped="0" tests="10" time="5.368" timestamp="2026-01-28T01:07:34.528240+00:00" hostname="agent-env-4b2371ee-8896-4826-ac4c-6fa99600678f"><testcase classname="backend.tests.test_vip_and_integrations.TestAPIHealth" name="test_api_root" time="0.082" /><testcase classname="backend.tests.test_vip_and_integrations.TestPlansAPI" name="test_get_plans" time="0.042" /><testcase classname="backend.tests.test_vip_and_integrations.TestSchedulerStatus" name="test_scheduler_status" time="0.041" /><testcase classname="backend.tests.test_vip_and_integrations.TestVIPClientCheck" name="test_vip_check_non_vip" time="0.048" /><testcase classname="backend.tests.test_vip_and_integrations.TestVIPClientCheck" name="test_vip_check_endpoint_exists" time="0.126" /><testcase classname="backend.tests.test_vip_and_integrations.TestRegistrationFlow" name="test_register_returns_needs_payment" time="0.292" /><testcase classname="backend.tests.test_vip_and_integrations.TestVIPDiscountInAppointment" name="test_vip_check_for_created_vip" time="1.583"><failure message="assert False == True">backend/tests/test_vip_and_integrations.py:241: in test_vip_check_for_created_vip
    assert result["is_vip"] == True
E   assert False == True</failure></testcase><testcase classname="backend.tests.test_vip_and_integrations.TestVIPDiscountInAppointment" name="test_appointment_with_vip_discount" time="1.169"><failure message="assert False == True">backend/tests/test_vip_and_integrations.py:284: in test_appointment_with_vip_discount
    assert appointment["is_vip"] == True
E   assert False == True</failure></testcase><testcase classname="backend.tests.test_vip_and_integrations.TestVIPDiscountInAppointment" name="test_appointment_without_vip" time="1.459" /><testcase classname="backend.tests.test_vip_and_integrations.TestPublicBookingPage" name="test_public_barbershop_endpoint" time="0.411" /></testsuite></testsuites>